#
# There is insufficient memory for the Java Runtime Environment to continue.
# Native memory allocation (malloc) failed to allocate 344816 bytes for Chunk::new
# Possible reasons:
#   The system is out of physical RAM or swap space
#   In 32 bit mode, the process size limit was hit
# Possible solutions:
#   Reduce memory load on the system
#   Increase physical memory or swap space
#   Check if swap backing store is full
#   Use 64 bit Java on a 64 bit OS
#   Decrease Java heap size (-Xmx/-Xms)
#   Decrease number of Java threads
#   Decrease Java thread stack sizes (-Xss)
#   Set larger code cache with -XX:ReservedCodeCacheSize=
# This output file may be truncated or incomplete.
#
#  Out of Memory Error (allocation.cpp:390), pid=2752, tid=0x0000000000002028
#
# JRE version: Java(TM) SE Runtime Environment (8.0_101-b13) (build 1.8.0_101-b13)
# Java VM: Java HotSpot(TM) 64-Bit Server VM (25.101-b13 mixed mode windows-amd64 compressed oops)
# Failed to write core dump. Minidumps are not enabled by default on client versions of Windows
#

---------------  T H R E A D  ---------------

Current thread (0x000000001e56b800):  JavaThread "C2 CompilerThread0" daemon [_thread_in_native, id=8232, stack(0x000000001ed20000,0x000000001ee20000)]

Stack: [0x000000001ed20000,0x000000001ee20000]
[error occurred during error reporting (printing stack bounds), id 0xc0000005]

Native frames: (J=compiled Java code, j=interpreted, Vv=VM code, C=native code)


Current CompileTask:
C2:   9515 2010       4       com.android.dx.cf.code.Simulator$SimVisitor::visitConstant (332 bytes)


---------------  P R O C E S S  ---------------

Java Threads: ( => current thread )
  0x000000001f321000 JavaThread "pool-2-thread-4" [_thread_in_Java, id=13628, stack(0x000000001ff20000,0x0000000020020000)]
  0x000000001f320800 JavaThread "pool-2-thread-3" [_thread_in_Java, id=6572, stack(0x000000001fe20000,0x000000001ff20000)]
  0x000000001f326800 JavaThread "pool-2-thread-2" [_thread_in_Java, id=9672, stack(0x000000001fd20000,0x000000001fe20000)]
  0x000000001e863800 JavaThread "pool-3-thread-1" [_thread_blocked, id=9328, stack(0x000000001fc20000,0x000000001fd20000)]
  0x000000001e85c800 JavaThread "pool-2-thread-1" [_thread_in_Java, id=10720, stack(0x000000001fb20000,0x000000001fc20000)]
  0x000000001e618800 JavaThread "Service Thread" daemon [_thread_blocked, id=12108, stack(0x000000001f120000,0x000000001f220000)]
  0x000000001e588800 JavaThread "C1 CompilerThread3" daemon [_thread_blocked, id=7672, stack(0x000000001f020000,0x000000001f120000)]
  0x000000001e57c800 JavaThread "C2 CompilerThread2" daemon [_thread_in_native, id=12156, stack(0x000000001ef20000,0x000000001f020000)]
  0x000000001e578000 JavaThread "C2 CompilerThread1" daemon [_thread_in_native, id=10484, stack(0x000000001ee20000,0x000000001ef20000)]
=>0x000000001e56b800 JavaThread "C2 CompilerThread0" daemon [_thread_in_native, id=8232, stack(0x000000001ed20000,0x000000001ee20000)]
  0x000000001e567800 JavaThread "Attach Listener" daemon [_thread_blocked, id=4860, stack(0x000000001ec20000,0x000000001ed20000)]
  0x000000001c67e800 JavaThread "Signal Dispatcher" daemon [_thread_blocked, id=1152, stack(0x000000001eb20000,0x000000001ec20000)]
  0x000000001e560800 JavaThread "Finalizer" daemon [_thread_blocked, id=5688, stack(0x000000001e940000,0x000000001ea40000)]
  0x0000000002b44000 JavaThread "Reference Handler" daemon [_thread_blocked, id=4636, stack(0x000000001e440000,0x000000001e540000)]
  0x0000000002a50800 JavaThread "main" [_thread_in_Java, id=8544, stack(0x0000000002950000,0x0000000002a50000)]

Other Threads:
  0x000000001c66a000 VMThread [stack: 0x000000001e340000,0x000000001e440000] [id=5340]
  0x000000001e61a800 WatcherThread [stack: 0x000000001f220000,0x000000001f320000] [id=4216]

VM state:not at safepoint (normal execution)

VM Mutex/Monitor currently owned by a thread: None

Heap:
 PSYoungGen      total 282112K, used 136679K [0x000000076ab00000, 0x0000000785600000, 0x00000007c0000000)
  eden space 202752K, 28% used [0x000000076ab00000,0x000000076e2fe710,0x0000000777100000)
  from space 79360K, 99% used [0x0000000778900000,0x000000077d67b600,0x000000077d680000)
  to   space 117248K, 0% used [0x000000077e380000,0x000000077e380000,0x0000000785600000)
 ParOldGen       total 201216K, used 134882K [0x00000006c0000000, 0x00000006cc480000, 0x000000076ab00000)
  object space 201216K, 67% used [0x00000006c0000000,0x00000006c83b88a0,0x00000006cc480000)
 Metaspace       used 6420K, capacity 7192K, committed 7424K, reserved 1056768K
  class space    used 622K, capacity 656K, committed 768K, reserved 1048576K

Card table byte_map: [0x0000000011f10000,0x0000000012720000] byte_map_base: 0x000000000e910000

Marking Bits: (ParMarkBitMap*) 0x0000000070e3a6d0
 Begin Bits: [0x0000000013480000, 0x0000000017480000)
 End Bits:   [0x0000000017480000, 0x000000001b480000)

Polling page: 0x00000000028a0000

CodeCache: size=245760Kb used=8316Kb max_used=8316Kb free=237443Kb
 bounds [0x0000000002b50000, 0x0000000003380000, 0x0000000011b50000]
 total_blobs=2212 nmethods=1943 adapters=181
 compilation: enabled

Compilation events (10 events):
Event: 9.286 Thread 0x000000001e588800 2046       2       com.android.dx.ssa.InterferenceRegisterMapper::addInterfence (62 bytes)
Event: 9.288 Thread 0x000000001e588800 nmethod 2046 0x000000000335ad90 code [0x000000000335af80, 0x000000000335b768]
Event: 9.353 Thread 0x000000001e588800 2054       3       com.android.dx.rop.cst.CstString::stringToUtf8Bytes (175 bytes)
Event: 9.354 Thread 0x000000001e588800 nmethod 2054 0x0000000003355410 code [0x00000000033555e0, 0x0000000003355e78]
Event: 9.358 Thread 0x000000001e588800 2055 %     3       java.lang.String::lastIndexOf @ 62 (151 bytes)
Event: 9.359 Thread 0x000000001e588800 nmethod 2055% 0x000000000334ce10 code [0x000000000334cfc0, 0x000000000334d5f0]
Event: 9.371 Thread 0x000000001e588800 2057       2       com.android.dx.dex.file.MethodAnnotationStruct::<init> (43 bytes)
Event: 9.371 Thread 0x000000001e588800 nmethod 2057 0x000000000335a7d0 code [0x000000000335a960, 0x000000000335ac38]
Event: 9.484 Thread 0x000000001e588800 2060   !   2       com.android.dx.cf.direct.DirectClassFile$DcfTypeList::<init> (137 bytes)
Event: 9.486 Thread 0x000000001e588800 nmethod 2060 0x0000000003352d90 code [0x0000000003353060, 0x0000000003353ed8]

GC Heap History (10 events):
Event: 3.181 GC heap before
{Heap before GC invocations=4 (full 0):
 PSYoungGen      total 71680K, used 71667K [0x000000076ab00000, 0x0000000773700000, 0x00000007c0000000)
  eden space 66560K, 100% used [0x000000076ab00000,0x000000076ec00000,0x000000076ec00000)
  from space 5120K, 99% used [0x000000076ec00000,0x000000076f0fce88,0x000000076f100000)
  to   space 5120K, 0% used [0x0000000773200000,0x0000000773200000,0x0000000773700000)
 ParOldGen       total 87552K, used 13413K [0x00000006c0000000, 0x00000006c5580000, 0x000000076ab00000)
  object space 87552K, 15% used [0x00000006c0000000,0x00000006c0d194a0,0x00000006c5580000)
 Metaspace       used 6355K, capacity 7128K, committed 7424K, reserved 1056768K
  class space    used 621K, capacity 656K, committed 768K, reserved 1048576K
Event: 3.226 GC heap after
Heap after GC invocations=4 (full 0):
 PSYoungGen      total 138240K, used 5108K [0x000000076ab00000, 0x0000000773700000, 0x00000007c0000000)
  eden space 133120K, 0% used [0x000000076ab00000,0x000000076ab00000,0x0000000772d00000)
  from space 5120K, 99% used [0x0000000773200000,0x00000007736fd0c0,0x0000000773700000)
  to   space 5120K, 0% used [0x0000000772d00000,0x0000000772d00000,0x0000000773200000)
 ParOldGen       total 87552K, used 33344K [0x00000006c0000000, 0x00000006c5580000, 0x000000076ab00000)
  object space 87552K, 38% used [0x00000006c0000000,0x00000006c20903b8,0x00000006c5580000)
 Metaspace       used 6355K, capacity 7128K, committed 7424K, reserved 1056768K
  class space    used 621K, capacity 656K, committed 768K, reserved 1048576K
}
Event: 4.303 GC heap before
{Heap before GC invocations=5 (full 0):
 PSYoungGen      total 138240K, used 138228K [0x000000076ab00000, 0x0000000773700000, 0x00000007c0000000)
  eden space 133120K, 100% used [0x000000076ab00000,0x0000000772d00000,0x0000000772d00000)
  from space 5120K, 99% used [0x0000000773200000,0x00000007736fd0c0,0x0000000773700000)
  to   space 5120K, 0% used [0x0000000772d00000,0x0000000772d00000,0x0000000773200000)
 ParOldGen       total 87552K, used 33344K [0x00000006c0000000, 0x00000006c5580000, 0x000000076ab00000)
  object space 87552K, 38% used [0x00000006c0000000,0x00000006c20903b8,0x00000006c5580000)
 Metaspace       used 6397K, capacity 7192K, committed 7424K, reserved 1056768K
  class space    used 622K, capacity 656K, committed 768K, reserved 1048576K
Event: 4.394 GC heap after
Heap after GC invocations=5 (full 0):
 PSYoungGen      total 138240K, used 5088K [0x000000076ab00000, 0x0000000782400000, 0x00000007c0000000)
  eden space 133120K, 0% used [0x000000076ab00000,0x000000076ab00000,0x0000000772d00000)
  from space 5120K, 99% used [0x0000000772d00000,0x00000007731f8028,0x0000000773200000)
  to   space 59904K, 0% used [0x000000077e980000,0x000000077e980000,0x0000000782400000)
 ParOldGen       total 94208K, used 93426K [0x00000006c0000000, 0x00000006c5c00000, 0x000000076ab00000)
  object space 94208K, 99% used [0x00000006c0000000,0x00000006c5b3ca08,0x00000006c5c00000)
 Metaspace       used 6397K, capacity 7192K, committed 7424K, reserved 1056768K
  class space    used 622K, capacity 656K, committed 768K, reserved 1048576K
}
Event: 4.394 GC heap before
{Heap before GC invocations=6 (full 1):
 PSYoungGen      total 138240K, used 5088K [0x000000076ab00000, 0x0000000782400000, 0x00000007c0000000)
  eden space 133120K, 0% used [0x000000076ab00000,0x000000076ab00000,0x0000000772d00000)
  from space 5120K, 99% used [0x0000000772d00000,0x00000007731f8028,0x0000000773200000)
  to   space 59904K, 0% used [0x000000077e980000,0x000000077e980000,0x0000000782400000)
 ParOldGen       total 94208K, used 93426K [0x00000006c0000000, 0x00000006c5c00000, 0x000000076ab00000)
  object space 94208K, 99% used [0x00000006c0000000,0x00000006c5b3ca08,0x00000006c5c00000)
 Metaspace       used 6397K, capacity 7192K, committed 7424K, reserved 1056768K
  class space    used 622K, capacity 656K, committed 768K, reserved 1048576K
Event: 6.345 GC heap after
Heap after GC invocations=6 (full 1):
 PSYoungGen      total 138240K, used 0K [0x000000076ab00000, 0x0000000782400000, 0x00000007c0000000)
  eden space 133120K, 0% used [0x000000076ab00000,0x000000076ab00000,0x0000000772d00000)
  from space 5120K, 0% used [0x0000000772d00000,0x0000000772d00000,0x0000000773200000)
  to   space 59904K, 0% used [0x000000077e980000,0x000000077e980000,0x0000000782400000)
 ParOldGen       total 201216K, used 84941K [0x00000006c0000000, 0x00000006cc480000, 0x000000076ab00000)
  object space 201216K, 42% used [0x00000006c0000000,0x00000006c52f3690,0x00000006cc480000)
 Metaspace       used 6397K, capacity 7192K, committed 7424K, reserved 1056768K
  class space    used 622K, capacity 656K, committed 768K, reserved 1048576K
}
Event: 6.885 GC heap before
{Heap before GC invocations=7 (full 1):
 PSYoungGen      total 138240K, used 133120K [0x000000076ab00000, 0x0000000782400000, 0x00000007c0000000)
  eden space 133120K, 100% used [0x000000076ab00000,0x0000000772d00000,0x0000000772d00000)
  from space 5120K, 0% used [0x0000000772d00000,0x0000000772d00000,0x0000000773200000)
  to   space 59904K, 0% used [0x000000077e980000,0x000000077e980000,0x0000000782400000)
 ParOldGen       total 201216K, used 84941K [0x00000006c0000000, 0x00000006cc480000, 0x000000076ab00000)
  object space 201216K, 42% used [0x00000006c0000000,0x00000006c52f3690,0x00000006cc480000)
 Metaspace       used 6400K, capacity 7192K, committed 7424K, reserved 1056768K
  class space    used 622K, capacity 656K, committed 768K, reserved 1048576K
Event: 7.171 GC heap after
Heap after GC invocations=7 (full 1):
 PSYoungGen      total 216064K, used 59886K [0x000000076ab00000, 0x0000000782400000, 0x00000007c0000000)
  eden space 156160K, 0% used [0x000000076ab00000,0x000000076ab00000,0x0000000774380000)
  from space 59904K, 99% used [0x000000077e980000,0x00000007823fb9a8,0x0000000782400000)
  to   space 79360K, 0% used [0x0000000778900000,0x0000000778900000,0x000000077d680000)
 ParOldGen       total 201216K, used 93661K [0x00000006c0000000, 0x00000006cc480000, 0x000000076ab00000)
  object space 201216K, 46% used [0x00000006c0000000,0x00000006c5b77620,0x00000006cc480000)
 Metaspace       used 6400K, capacity 7192K, committed 7424K, reserved 1056768K
  class space    used 622K, capacity 656K, committed 768K, reserved 1048576K
}
Event: 8.457 GC heap before
{Heap before GC invocations=8 (full 1):
 PSYoungGen      total 216064K, used 216046K [0x000000076ab00000, 0x0000000782400000, 0x00000007c0000000)
  eden space 156160K, 100% used [0x000000076ab00000,0x0000000774380000,0x0000000774380000)
  from space 59904K, 99% used [0x000000077e980000,0x00000007823fb9a8,0x0000000782400000)
  to   space 79360K, 0% used [0x0000000778900000,0x0000000778900000,0x000000077d680000)
 ParOldGen       total 201216K, used 93661K [0x00000006c0000000, 0x00000006cc480000, 0x000000076ab00000)
  object space 201216K, 46% used [0x00000006c0000000,0x00000006c5b77620,0x00000006cc480000)
 Metaspace       used 6418K, capacity 7192K, committed 7424K, reserved 1056768K
  class space    used 622K, capacity 656K, committed 768K, reserved 1048576K
Event: 9.083 GC heap after
Heap after GC invocations=8 (full 1):
 PSYoungGen      total 282112K, used 79341K [0x000000076ab00000, 0x0000000785600000, 0x00000007c0000000)
  eden space 202752K, 0% used [0x000000076ab00000,0x000000076ab00000,0x0000000777100000)
  from space 79360K, 99% used [0x0000000778900000,0x000000077d67b600,0x000000077d680000)
  to   space 117248K, 0% used [0x000000077e380000,0x000000077e380000,0x0000000785600000)
 ParOldGen       total 201216K, used 134882K [0x00000006c0000000, 0x00000006cc480000, 0x000000076ab00000)
  object space 201216K, 67% used [0x00000006c0000000,0x00000006c83b88a0,0x00000006cc480000)
 Metaspace       used 6418K, capacity 7192K, committed 7424K, reserved 1056768K
  class space    used 622K, capacity 656K, committed 768K, reserved 1048576K
}

Deoptimization events (10 events):
Event: 7.298 Thread 0x0000000002a50800 Uncommon trap: reason=bimorphic action=maybe_recompile pc=0x00000000032f3b04 method=com.android.dx.cf.code.BytecodeArray.parseInstruction(ILcom/android/dx/cf/code/BytecodeArray$Visitor;)I @ 1501
Event: 7.302 Thread 0x0000000002a50800 Uncommon trap: reason=unstable_if action=reinterpret pc=0x0000000003160ff0 method=com.android.dx.util.BitIntSet.has(I)Z @ 8
Event: 9.202 Thread 0x000000001f320800 Uncommon trap: reason=class_check action=maybe_recompile pc=0x0000000003308ee8 method=com.android.dx.ssa.back.InterferenceGraph.mergeInterferenceSet(ILcom/android/dx/util/IntSet;)V @ 20
Event: 9.202 Thread 0x000000001f320800 Uncommon trap: reason=class_check action=maybe_recompile pc=0x00000000032e73ac method=com.android.dx.util.BitIntSet.merge(Lcom/android/dx/util/IntSet;)V @ 1
Event: 9.204 Thread 0x000000001f320800 Uncommon trap: reason=class_check action=maybe_recompile pc=0x0000000003308ee8 method=com.android.dx.ssa.back.InterferenceGraph.mergeInterferenceSet(ILcom/android/dx/util/IntSet;)V @ 20
Event: 9.204 Thread 0x000000001f320800 Uncommon trap: reason=class_check action=maybe_recompile pc=0x00000000032e73ac method=com.android.dx.util.BitIntSet.merge(Lcom/android/dx/util/IntSet;)V @ 1
Event: 9.204 Thread 0x000000001f320800 Uncommon trap: reason=class_check action=maybe_recompile pc=0x0000000003308ee8 method=com.android.dx.ssa.back.InterferenceGraph.mergeInterferenceSet(ILcom/android/dx/util/IntSet;)V @ 20
Event: 9.204 Thread 0x000000001f320800 Uncommon trap: reason=class_check action=maybe_recompile pc=0x00000000032e73ac method=com.android.dx.util.BitIntSet.merge(Lcom/android/dx/util/IntSet;)V @ 1
Event: 9.285 Thread 0x000000001f320800 Uncommon trap: reason=class_check action=maybe_recompile pc=0x0000000003308ee8 method=com.android.dx.ssa.back.InterferenceGraph.mergeInterferenceSet(ILcom/android/dx/util/IntSet;)V @ 20
Event: 9.285 Thread 0x000000001f320800 Uncommon trap: reason=class_check action=maybe_recompile pc=0x00000000032e73ac method=com.android.dx.util.BitIntSet.merge(Lcom/android/dx/util/IntSet;)V @ 1

Internal exceptions (5 events):
Event: 0.074 Thread 0x0000000002a50800 Exception <a 'java/lang/NoSuchMethodError': Method sun.misc.Unsafe.defineClass(Ljava/lang/String;[BII)Ljava/lang/Class; name or signature does not match> (0x000000076ab07cc0) thrown at [C:\re\workspace\8-2-build-windows-amd64-cygwin\jdk8u101\7261\hotspot\s=9Íù²?
Event: 0.074 Thread 0x0000000002a50800 Exception <a 'java/lang/NoSuchMethodError': Method sun.misc.Unsafe.prefetchRead(Ljava/lang/Object;J)V name or signature does not match> (0x000000076ab07fa8) thrown at [C:\re\workspace\8-2-build-windows-amd64-cygwin\jdk8u101\7261\hotspot\src\share\vm\prims\ Û*VÕ•@
Event: 2.823 Thread 0x000000001f320800 Exception <a 'java/lang/ArrayIndexOutOfBoundsException': 18> (0x000000076b9e7428) thrown at [C:\re\workspace\8-2-build-windows-amd64-cygwin\jdk8u101\7261\hotspot\src\share\vm\interpreter\interpreterRuntime.cpp, line 366]
Event: 2.824 Thread 0x000000001f320800 Exception <a 'java/lang/ArrayIndexOutOfBoundsException': 145> (0x000000076b9e8fa8) thrown at [C:\re\workspace\8-2-build-windows-amd64-cygwin\jdk8u101\7261\hotspot\src\share\vm\interpreter\interpreterRuntime.cpp, line 366]
Event: 2.825 Thread 0x000000001f320800 Exception <a 'java/lang/ArrayIndexOutOfBoundsException'> (0x000000076b9ea290) thrown at [C:\re\workspace\8-2-build-windows-amd64-cygwin\jdk8u101\7261\hotspot\src\share\vm\runtime\sharedRuntime.cpp, line 605]

Events (10 events):
Event: 9.297 Thread 0x000000001f320800 DEOPT PACKING pc=0x0000000002f0d11c sp=0x000000001ff1e840
Event: 9.297 Thread 0x000000001f320800 DEOPT UNPACKING pc=0x0000000002b9787f sp=0x000000001ff1e5c0 mode 0
Event: 9.376 Thread 0x0000000002a50800 DEOPT PACKING pc=0x0000000002f0d11c sp=0x0000000002a4e380
Event: 9.376 Thread 0x0000000002a50800 DEOPT UNPACKING pc=0x0000000002b9787f sp=0x0000000002a4e100 mode 0
Event: 9.393 Thread 0x000000001f320800 DEOPT PACKING pc=0x0000000002f0d11c sp=0x000000001ff1e790
Event: 9.393 Thread 0x000000001f320800 DEOPT UNPACKING pc=0x0000000002b9787f sp=0x000000001ff1e510 mode 0
Event: 9.415 Thread 0x000000001f320800 DEOPT PACKING pc=0x0000000002f11433 sp=0x000000001ff1e790
Event: 9.415 Thread 0x000000001f320800 DEOPT UNPACKING pc=0x0000000002b9787f sp=0x000000001ff1e5a0 mode 0
Event: 9.463 Thread 0x0000000002a50800 DEOPT PACKING pc=0x0000000002f11433 sp=0x0000000002a4e0e0
Event: 9.463 Thread 0x0000000002a50800 DEOPT UNPACKING pc=0x0000000002b9787f sp=0x0000000002a4def0 mode 0


Dynamic libraries:
0x00007ff7f7d10000 - 0x00007ff7f7d47000 	C:\Program Files\Java\jdk1.8.0_101\bin\java.exe
0x00007ff8734d0000 - 0x00007ff873692000 	C:\Windows\SYSTEM32\ntdll.dll
0x00007ff872b90000 - 0x00007ff872c3d000 	C:\Windows\system32\KERNEL32.DLL
0x00007ff8709b0000 - 0x00007ff870b8d000 	C:\Windows\system32\KERNELBASE.dll
0x00007ff8733d0000 - 0x00007ff873476000 	C:\Windows\system32\ADVAPI32.dll
0x00007ff872dd0000 - 0x00007ff872e6d000 	C:\Windows\system32\msvcrt.dll
0x00007ff872650000 - 0x00007ff8726ab000 	C:\Windows\system32\sechost.dll
0x00007ff872c40000 - 0x00007ff872d66000 	C:\Windows\system32\RPCRT4.dll
0x00007ff8726b0000 - 0x00007ff8727fe000 	C:\Windows\system32\USER32.dll
0x00007ff872ed0000 - 0x00007ff873055000 	C:\Windows\system32\GDI32.dll
0x00007ff86adb0000 - 0x00007ff86b024000 	C:\Windows\WinSxS\amd64_microsoft.windows.common-controls_6595b64144ccf1df_6.0.10240.17113_none_f41e180257520c58\COMCTL32.dll
0x00007ff873480000 - 0x00007ff8734b6000 	C:\Windows\system32\IMM32.DLL
0x00007ff872800000 - 0x00007ff87295c000 	C:\Windows\system32\MSCTF.dll
0x0000000070ec0000 - 0x0000000070f92000 	C:\Program Files\Java\jdk1.8.0_101\jre\bin\msvcr100.dll
0x0000000070620000 - 0x0000000070eba000 	C:\Program Files\Java\jdk1.8.0_101\jre\bin\server\jvm.dll
0x00007ff872b10000 - 0x00007ff872b18000 	C:\Windows\system32\PSAPI.DLL
0x00007ff86b1a0000 - 0x00007ff86b1a9000 	C:\Windows\SYSTEM32\WSOCK32.dll
0x00007ff872b20000 - 0x00007ff872b89000 	C:\Windows\system32\WS2_32.dll
0x00007ff872640000 - 0x00007ff872648000 	C:\Windows\system32\NSI.dll
0x00007ff86e570000 - 0x00007ff86e593000 	C:\Windows\SYSTEM32\WINMM.dll
0x00007ff86b660000 - 0x00007ff86b66a000 	C:\Windows\SYSTEM32\VERSION.dll
0x00007ff86e510000 - 0x00007ff86e53c000 	C:\Windows\SYSTEM32\WINMMBASE.dll
0x00007ff870960000 - 0x00007ff8709a4000 	C:\Windows\system32\cfgmgr32.dll
0x00007ff86e860000 - 0x00007ff86e887000 	C:\Windows\SYSTEM32\DEVOBJ.dll
0x00000000721a0000 - 0x00000000721af000 	C:\Program Files\Java\jdk1.8.0_101\jre\bin\verify.dll
0x00000000705f0000 - 0x0000000070619000 	C:\Program Files\Java\jdk1.8.0_101\jre\bin\java.dll
0x0000000072180000 - 0x0000000072196000 	C:\Program Files\Java\jdk1.8.0_101\jre\bin\zip.dll
0x00007ff871110000 - 0x00007ff872633000 	C:\Windows\system32\SHELL32.dll
0x00007ff86ff90000 - 0x00007ff8705b9000 	C:\Windows\system32\windows.storage.dll
0x00007ff870d50000 - 0x00007ff870fcc000 	C:\Windows\system32\combase.dll
0x00007ff8710b0000 - 0x00007ff871101000 	C:\Windows\system32\shlwapi.dll
0x00007ff86ff80000 - 0x00007ff86ff8f000 	C:\Windows\system32\kernel.appcore.dll
0x00007ff870790000 - 0x00007ff870843000 	C:\Windows\system32\shcore.dll
0x00007ff86ff30000 - 0x00007ff86ff7a000 	C:\Windows\system32\powrprof.dll
0x00007ff86ff10000 - 0x00007ff86ff23000 	C:\Windows\system32\profapi.dll

VM Arguments:
jvm_args: -Djava.awt.headless=true -Xmx4g -Dfile.encoding=windows-1252 -Duser.country=GB -Duser.language=en -Duser.variant 
java_command: com.android.dx.command.Main --dex --force-jumbo --num-threads=4 --multi-dex --output G:\Android_studio\Baclkbar-TourismGuide\trunk\TourismGuide\app\build\intermediates\transforms\dex\debug\folders\1000\10\com.google.android.gms-play-services-ads-9.2.1_37f6c9180cf6e598da9ccf2e6b76ac8582988dec G:\Android_studio\Baclkbar-TourismGuide\trunk\TourismGuide\app\build\intermediates\exploded-aar\com.google.android.gms\play-services-ads\9.2.1\jars\classes.jar
java_class_path (initial): C:\sdk\build-tools\25.0.0\lib\dx.jar
Launcher Type: SUN_STANDARD

Environment Variables:
PATH=C:\ProgramData\Oracle\Java\javapath;C:\Program Files (x86)\Intel\iCLS Client\;C:\Program Files\Intel\iCLS Client\;C:\Windows\system32;C:\Windows;C:\Windows\System32\Wbem;C:\Windows\System32\WindowsPowerShell\v1.0\;C:\Program Files\Intel\Intel(R) Management Engine Components\DAL;C:\Program Files\Intel\Intel(R) Management Engine Components\IPT;C:\Program Files (x86)\Intel\Intel(R) Management Engine Components\DAL;C:\Program Files (x86)\Intel\Intel(R) Management Engine Components\IPT;C:\Program Files (x86)\Skype\Phone\;C:\Program Files (x86)\Windows Kits\8.1\Windows Performance Toolkit\;C:\Program Files\Microsoft SQL Server\110\Tools\Binn\;C:\Program Files\TortoiseSVN\bin;C:\Program Files\Git\cmd
USERNAME=Shiro
OS=Windows_NT
PROCESSOR_IDENTIFIER=Intel64 Family 6 Model 60 Stepping 3, GenuineIntel



---------------  S Y S T E M  ---------------

OS: Windows 10.0 , 64 bit Build 10240 (10.0.10240.17113)

CPU:total 8 (4 cores per cpu, 2 threads per core) family 6 model 60 stepping 3, cmov, cx8, fxsr, mmx, sse, sse2, sse3, ssse3, sse4.1, sse4.2, popcnt, avx, avx2, aes, clmul, erms, lzcnt, ht, tsc, tscinvbit, bmi1, bmi2

Memory: 4k page, physical 8298776k(252388k free), swap 24682776k(6024k free)

vm_info: Java HotSpot(TM) 64-Bit Server VM (25.101-b13) for windows-amd64 JRE (1.8.0_101-b13), built on Jun 22 2016 01:21:29 by "java_re" with MS VC++ 10.0 (VS2010)

time: Sat Dec 03 21:10:24 2016
elapsed time: 9 seconds (0d 0h 0m 9s)

